TACo rewards earned: {
  '0x00ACA6dFd2fBCAD074A5F116bAD0B057900230D9': {
    beneficiary: '0xF9246a85Be225910db96777CcED7A9f8aa163c68',
    amount: '80161072910368967501088'
  },
  '0x0154C52ec5b6a3010758dDe78079589E67526767': {
    beneficiary: '0x0154C52ec5b6a3010758dDe78079589E67526767',
    amount: '127397260273972602740'
  },
  '0x02faA4286eF91247f8D09F36618D4694717F76bB': {
    beneficiary: '0x2F4D70234651eCC8Ce28dACaBfC3ebD0993eb548',
    amount: '122353921232876712328767'
  },
  '0x05015cC23df7A1B8D459517088E00Baec5fbc373': {
    beneficiary: '0x05015cC23df7A1B8D459517088E00Baec5fbc373',
    amount: '4450088645570559528512'
  },
  '0x064ae11966cd24ae08ad5282C9027836E2D1c47d': {
    beneficiary: '0x064ae11966cd24ae08ad5282C9027836E2D1c47d',
    amount: '127397260273972602740'
  },
  '0x095086293d57C5aD45f3f5243054AE199b005163': {
    beneficiary: '0x095086293d57C5aD45f3f5243054AE199b005163',
    amount: '25479452054794520547945'
  },
  '0x0C19A07242755b3F107cfB4C74d236a18548541F': {
    beneficiary: '0x0C19A07242755b3F107cfB4C74d236a18548541F',
    amount: '18090602481206746980981'
  },
  '0x0C635dC500222aF8a12072922C6aC5a4fc536faC': {
    beneficiary: '0x0C635dC500222aF8a12072922C6aC5a4fc536faC',
    amount: '0'
  },
  '0x0f35c836864875C8E9392DA147F41300aB538091': {
    beneficiary: '0x0f35c836864875C8E9392DA147F41300aB538091',
    amount: '8443850974337314255613'
  },
  '0x1274b1Fb60bDB94a4DDDcac9c918930cafc95078': {
    beneficiary: '0x6950c4C7E97c7d2e6b5bffEC4634f841DB2A5f3D',
    amount: '99951452776240006257438'
  },
  '0x16fCc54E027a342F0683263eb43Cd9af1BD72169': {
    beneficiary: '0x2F4D70234651eCC8Ce28dACaBfC3ebD0993eb548',
    amount: '122353921232876712328767'
  },
  '0x17eDe21b60c44A0139968E0d1D9a001D2bdC8f85': {
    beneficiary: '0x17eDe21b60c44A0139968E0d1D9a001D2bdC8f85',
    amount: '0'
  },
  '0x1d2DfcE7F23669dCAFaA376314fa0ae938C8641C': {
    beneficiary: '0x1d2DfcE7F23669dCAFaA376314fa0ae938C8641C',
    amount: '1596325114474134273846'
  },
  '0x2215a197a32834ef93C4D1029551bB8D3B924DCc': {
    beneficiary: '0x2215a197a32834ef93C4D1029551bB8D3B924DCc',
    amount: '2642361528973889547534'
  },
  '0x227Ae73b95F8377e4E37A8bc7aE7DdFF303C30B4': {
    beneficiary: '0xb4e29AF35F6c2247f225877735F73a1A43A65549',
    amount: '3025684931506849315068'
  },
  '0x24a278d2873879dcC8a17f504A75BFfcD4A3153a': {
    beneficiary: '0x6950c4C7E97c7d2e6b5bffEC4634f841DB2A5f3D',
    amount: '99951452776240006257438'
  },
  '0x25d9bbb4Eccbf3A5e6d6BBCE9813302E508f321D': {
    beneficiary: '0x25d9bbb4Eccbf3A5e6d6BBCE9813302E508f321D',
    amount: '25103374215960509873041'
  },
  '0x290cA15e750d1e356A2FcfF3d33D7646f3241487': {
    beneficiary: '0x1E183d6337a8353994Aaf327bE00829990818095',
    amount: '12388485273130347920976'
  },
  '0x2B1D879B5e102e60166202de79537B48E2F18a42': {
    beneficiary: '0x2B1D879B5e102e60166202de79537B48E2F18a42',
    amount: '127397260273972602740'
  },
  '0x2dE8481F08e5c2fe88c653A64AE42CA00B20E98D': {
    beneficiary: '0x1A93C2A3BF308bf9208fF4B6C93CEfCb59404d7b',
    amount: '9811308904109589041096'
  },
  '0x3070f20f86fDa706Ac380F5060D256028a46eC29': {
    beneficiary: '0x3070f20f86fDa706Ac380F5060D256028a46eC29',
    amount: '320760370633029405602'
  },
  '0x331F6346C4c1bdb4Ef7467056C66250F0Eb8A44f': {
    beneficiary: '0xdD6Be8d99F13efC13AF09f32eC07dC0451E23B69',
    amount: '127397260273972602739726'
  },
  '0x36efDC29c776c35B55D08E657bF3048eDf65b1dD': {
    beneficiary: '0x36efDC29c776c35B55D08E657bF3048eDf65b1dD',
    amount: '1140880047837050907242'
  },
  '0x372626FF774573E82eb7D4545EE96F68F75aaFF6': {
    beneficiary: '0x5cF1703A1c99A4b42Eb056535840e93118177232',
    amount: '114657534246575342465753'
  },
  '0x378C89b5B93667A005856822e1b65e2d7C076373': {
    beneficiary: '0x378C89b5B93667A005856822e1b65e2d7C076373',
    amount: '5393534113456673031339'
  },
  '0x39A2D252769363D070a77fE3ad24b9954e1fB876': {
    beneficiary: '0x39A2D252769363D070a77fE3ad24b9954e1fB876',
    amount: '127397260273972602739726'
  },
  '0x3B8FeB29eFb63A7609D5351b3A6AdDaed3c1C7eD': {
    beneficiary: '0x25D22cf95Cfb891aa88F5a9317F8bac1D6913e34',
    amount: '49859995720571795080859'
  },
  '0x422FcafA2f3E23B52AC34E6A94909467480155af': {
    beneficiary: '0x422FcafA2f3E23B52AC34E6A94909467480155af',
    amount: '31849315068493150684932'
  },
  '0x42BF5fF61279eDDa10A6e8268A30640eD710a866': {
    beneficiary: '0x42BF5fF61279eDDa10A6e8268A30640eD710a866',
    amount: '18095301186172449013637'
  },
  '0x43df8c68a56249CC151dfb3a7E82cC7Fd624cF2a': {
    beneficiary: '0x85d2AD1eBa67FC0bf872fed79E848Fe3E2027725',
    amount: '127397260273972602739726'
  },
  '0x43e17eEcaC8812B8E96E89B6075C5de63680d194': {
    beneficiary: '0xafEACcE4AD8B3b863eF72A7B7AA9d0E84Ca71DFb',
    amount: '93827001273801369863014'
  },
  '0x4553dAA29662971ff6f1cA59390287E8Bc25825F': {
    beneficiary: '0x4553dAA29662971ff6f1cA59390287E8Bc25825F',
    amount: '13038255851767927895624'
  },
  '0x456D643CD97b058Fd3bBBEB76f04B1DE3679bc6A': {
    beneficiary: '0x456D643CD97b058Fd3bBBEB76f04B1DE3679bc6A',
    amount: '2174738861928360407154'
  },
  '0x492Af9a0B99FED66dce727bB96Ad133dB83CdAf6': {
    beneficiary: '0x492Af9a0B99FED66dce727bB96Ad133dB83CdAf6',
    amount: '4280775846026651318177'
  },
  '0x4bC6B29F272048b32BD833797a70049C3885225b': {
    beneficiary: '0x4bC6B29F272048b32BD833797a70049C3885225b',
    amount: '159135901191958561644'
  },
  '0x4c496f9903450Aa2092a39efe722E6971D8fAb49': {
    beneficiary: '0x4c496f9903450Aa2092a39efe722E6971D8fAb49',
    amount: '14554341836301369863014'
  },
  '0x4FD06c3B1AbF62bbcC395745224591c89ebceea8': {
    beneficiary: '0x4FD06c3B1AbF62bbcC395745224591c89ebceea8',
    amount: '31849315068493150684932'
  },
  '0x50740bEcEe506cdc0567FD4B3ea04249Fb8c8676': {
    beneficiary: '0x50740bEcEe506cdc0567FD4B3ea04249Fb8c8676',
    amount: '2475116830188305087238'
  },
  '0x5270BA998643bE976c106298C08C46947c5Bf774': {
    beneficiary: '0x0B76598e9Ddd53237Fa1632ddbFC8Db1a2C7D897',
    amount: '44187546375570776256'
  },
  '0x557C836714aFd04f796686b0a50528714B549C74': {
    beneficiary: '0xdD6Be8d99F13efC13AF09f32eC07dC0451E23B69',
    amount: '127397260273972602739726'
  },
  '0x56C968857EF4919c67d151b56E7073065994c97a': {
    beneficiary: '0x56C968857EF4919c67d151b56E7073065994c97a',
    amount: '18902568493150684931507'
  },
  '0x5838636dCDd92113998FEcbcDeDf5B0d8bEB4920': {
    beneficiary: '0x6950c4C7E97c7d2e6b5bffEC4634f841DB2A5f3D',
    amount: '99951452776240006257438'
  },
  '0x58d665406Cf0F890daD766389DF879E84cc55671': {
    beneficiary: '0xdD6Be8d99F13efC13AF09f32eC07dC0451E23B69',
    amount: '127397260273972602739726'
  },
  '0x58F197D2647C1f45d7308fd20157aaEaF5040Faa': {
    beneficiary: '0x6950c4C7E97c7d2e6b5bffEC4634f841DB2A5f3D',
    amount: '99951452776240006257438'
  },
  '0x5AAdFEc6A407f6730A4CFaC54B472B23D42a718D': {
    beneficiary: '0x5AAdFEc6A407f6730A4CFaC54B472B23D42a718D',
    amount: '0'
  },
  '0x5F24A56620E8aB22Ff01585F83F6f63F8B5c205E': {
    beneficiary: '0x8a52Affafa6B15CF1496bAbAd7d6d84129A4764f',
    amount: '41404109589041095890411'
  },
  '0x606c9936A8B5C70061b3464424ab7d45302eF9b7': {
    beneficiary: '0x606c9936A8B5C70061b3464424ab7d45302eF9b7',
    amount: '10205641019212794157331'
  },
  '0x6184C57B7B87EbBf7fa9eB6933682a781777f81D': {
    beneficiary: '0x6950c4C7E97c7d2e6b5bffEC4634f841DB2A5f3D',
    amount: '99951452776240006257438'
  },
  '0x621074D613Fc938bD9381AB77Ef3609a02432628': {
    beneficiary: '0x85d2AD1eBa67FC0bf872fed79E848Fe3E2027725',
    amount: '127397260273972602739726'
  },
  '0x6a2829A6B7186c62E2b4c7bb6434E880daF2B4C4': {
    beneficiary: '0x6a2829A6B7186c62E2b4c7bb6434E880daF2B4C4',
    amount: '1785249098918396218356'
  },
  '0x6c43dBdd7E44892dB4fD81c92FaDfdD7E54C408E': {
    beneficiary: '0x3DC709FF2484F0119786a8c9c0b29aC4dE362bef',
    amount: '9554794520547945205479'
  },
  '0x6dEE1fd2b29e2214a4f9aB9Ba5f3D17C8Cb56D11': {
    beneficiary: '0x6950c4C7E97c7d2e6b5bffEC4634f841DB2A5f3D',
    amount: '99951452776240006257438'
  },
  '0x700277dEaf138c6af9B3177F83918B6a3544F27F': {
    beneficiary: '0x700277dEaf138c6af9B3177F83918B6a3544F27F',
    amount: '9355039730543399940105'
  },
  '0x70A2ce2d0b66061B44FEf41d3EcF89b5a9e7522A': {
    beneficiary: '0x70A2ce2d0b66061B44FEf41d3EcF89b5a9e7522A',
    amount: '3270322825828369708235'
  },
  '0x70D5cCC14a1a264c05Ff48B3ec6751b0959541aA': {
    beneficiary: '0x70D5cCC14a1a264c05Ff48B3ec6751b0959541aA',
    amount: '0'
  },
  '0x735dcf0cAf62cd1bC8E763e43Bb1aA11DBC56025': {
    beneficiary: '0x3e4A71578B13bf8921C5B7750B0BfA0D3b4c6c3E',
    amount: '50142935723461826003537'
  },
  '0x7eD2675E0cED7340089ab2aCB1c8D6E2337C9ae8': {
    beneficiary: '0x9991374275aC1652A9567b067d1C2e41fFe322E1',
    amount: '0'
  },
  '0x885fA88126955D5CFE0170A134e0300B8d3EfF47': {
    beneficiary: '0x71E47a4429d35827e0312AA13162197C23287546',
    amount: '95547945205479452054795'
  },
  '0x8afC0e9F8207975301893452bDeD1e8F2892f953': {
    beneficiary: '0x8afC0e9F8207975301893452bDeD1e8F2892f953',
    amount: '127397260273972602739726'
  },
  '0x8B823356ec7f90d0fE45122125F66ddB934b840F': {
    beneficiary: '0x8B823356ec7f90d0fE45122125F66ddB934b840F',
    amount: '3602670462501395048711'
  },
  '0x8d34285C047D5D8757551BAA45E471e62e72f468': {
    beneficiary: '0x8d34285C047D5D8757551BAA45E471e62e72f468',
    amount: '3896173714519121004566'
  },
  '0x8e57F002866706FcfbDf78756dC45F93841dc783': {
    beneficiary: '0x8e57F002866706FcfbDf78756dC45F93841dc783',
    amount: '0'
  },
  '0x8ea9ab079eACa83f3Ab9e1Aa0D62A60a3fa8e163': {
    beneficiary: '0x8ea9ab079eACa83f3Ab9e1Aa0D62A60a3fa8e163',
    amount: '444371916116228277491'
  },
  '0x90995f26f874AcEb98f12E09E057FBD2E546B1Ea': {
    beneficiary: '0xeaf047aDfF888526210B95e2F1F9D10f5053574C',
    amount: '286643835616438356164384'
  },
  '0x913fC1644376dA7e125cBb87a010e7Dd3b34D67c': {
    beneficiary: '0x913fC1644376dA7e125cBb87a010e7Dd3b34D67c',
    amount: '788441566799876913558'
  },
  '0x941788b051703bBC79962822460a2B571CfFcd7D': {
    beneficiary: '0x83DB892a6688B966122Be219fa873BF24D7db79F',
    amount: '2240599315068493150685'
  },
  '0x9709173Ed6F194a953a77204359DbFD0e88a54D0': {
    beneficiary: '0x9709173Ed6F194a953a77204359DbFD0e88a54D0',
    amount: '5338729553064477277937'
  },
  '0x97d065B567cc4543D20dffaa7009f9aDe64d7E26': {
    beneficiary: '0x85d2AD1eBa67FC0bf872fed79E848Fe3E2027725',
    amount: '63698630128201267168161'
  },
  '0x9919C9f5CbBAA42CB3bEA153E14E16F85fEA5b5D': {
    beneficiary: '0x9919C9f5CbBAA42CB3bEA153E14E16F85fEA5b5D',
    amount: '0'
  },
  '0x9Aa35dCE841A43693Cde23B86c394E1aEFb61c65': {
    beneficiary: '0x71E47a4429d35827e0312AA13162197C23287546',
    amount: '95547945205479452054795'
  },
  '0x9B50Ef882CD1c08c0ae07EC68f69013e94cAA782': {
    beneficiary: '0x9B50Ef882CD1c08c0ae07EC68f69013e94cAA782',
    amount: '1273972602739726027397'
  },
  '0x9C7c2B00Ea7800fbe32FD50d844645Db07C27a74': {
    beneficiary: '0x9C7c2B00Ea7800fbe32FD50d844645Db07C27a74',
    amount: '6739509980917332344720'
  },
  '0xa2e44666BAB3ED3be4F87b7c18eD2ffB911c0bEf': {
    beneficiary: '0xa2e44666BAB3ED3be4F87b7c18eD2ffB911c0bEf',
    amount: '4485795526513531022350'
  },
  '0xa6E3A08FaE33898fC31C4f6C7a584827D809352D': {
    beneficiary: '0xa6E3A08FaE33898fC31C4f6C7a584827D809352D',
    amount: '67974400684931506849315'
  },
  '0xa7baCa5A92842689359Fb1782e75D6eFF59152e6': {
    beneficiary: '0x71596327C075Fa2e9ae820c1036D8d9B94bf6AE2',
    amount: '35034246575342465753425'
  },
  '0xA829c2E33907Ab03d27d5dBb39eFFd8386112789': {
    beneficiary: '0xA829c2E33907Ab03d27d5dBb39eFFd8386112789',
    amount: '22283793916100731148264'
  },
  '0xAa0f47938c5534bb1Fe30E9D61dC0fFDd18c171b': {
    beneficiary: '0x3bE976D230a42350322525bEad4A89544b6896a7',
    amount: '934408972098554033486'
  },
  '0xAAFc71044C2B832dDDFcedb0AE99695B0367dC57': {
    beneficiary: '0x6950c4C7E97c7d2e6b5bffEC4634f841DB2A5f3D',
    amount: '99951452776240006257438'
  },
  '0xb011b6794F271B1d8D2328eDf332535343CB4D44': {
    beneficiary: '0xb011b6794F271B1d8D2328eDf332535343CB4D44',
    amount: '1433595531565068493151'
  },
  '0xB0C9F472b2066691Ab7FEE5b6702c28ab35888b2': {
    beneficiary: '0xdD6Be8d99F13efC13AF09f32eC07dC0451E23B69',
    amount: '127397260273972602739726'
  },
  '0xB2e1515Dfe9BdE106299C33529C582e5388D195D': {
    beneficiary: '0xB2e1515Dfe9BdE106299C33529C582e5388D195D',
    amount: '3717169083085702198421'
  },
  '0xb42543Aa1C4a75e1B317b752b82E64513989fEA6': {
    beneficiary: '0x6950c4C7E97c7d2e6b5bffEC4634f841DB2A5f3D',
    amount: '99951452776240006257438'
  },
  '0xb70c8D55D397aA5d76f96c64b3E4084DB95c739E': {
    beneficiary: '0xb70c8D55D397aA5d76f96c64b3E4084DB95c739E',
    amount: '41320366635254158475144'
  },
  '0xb78F9EFE4F713feEFcAB466d2ee41972a0E45205': {
    beneficiary: '0x5cF1703A1c99A4b42Eb056535840e93118177232',
    amount: '114657534246575342465753'
  },
  '0xB88A62417eb9e6320AF7620BE0CFBE2dddd435A5': {
    beneficiary: '0x5cF1703A1c99A4b42Eb056535840e93118177232',
    amount: '114657534246575342465753'
  },
  '0xB8Ee380FD71eaCCB4948dd7CEE5B6FCB822Fc4fc': {
    beneficiary: '0xB8Ee380FD71eaCCB4948dd7CEE5B6FCB822Fc4fc',
    amount: '973654495265727478412'
  },
  '0xB98a82aB97171504bf9eA0aC62A3f34BffE5F510': {
    beneficiary: '0xB98a82aB97171504bf9eA0aC62A3f34BffE5F510',
    amount: '2971541095890410958904'
  },
  '0xB99f5EbC5F61120515F67FbB9aB9693605FbaB06': {
    beneficiary: '0x461aa63A98e6f8BdAa19CA3f2258670E794FFF34',
    amount: '247356739344136391712515'
  },
  '0xBa03E5e2fD41092c36354435FeFAE25A322AA838': {
    beneficiary: '0xBa03E5e2fD41092c36354435FeFAE25A322AA838',
    amount: '2900785750595548313834'
  },
  '0xBa1Ac67539c09AdDe63335635869c86f8e463514': {
    beneficiary: '0x2F4D70234651eCC8Ce28dACaBfC3ebD0993eb548',
    amount: '122353921232876712328767'
  },
  '0xBDC3D611B79349e0b3d63833619875E89388298D': {
    beneficiary: '0x85d2AD1eBa67FC0bf872fed79E848Fe3E2027725',
    amount: '127397260273972602739726'
  },
  '0xBe9D12fc853b67CFdaaE134e5B8178B9667bd2fB': {
    beneficiary: '0xbd8089304c78AA865B84870f62c4C43D6f3F34F9',
    amount: '0'
  },
  '0xBf40548b6Fd104C3cA9B2F6b2E2383301dB1c023': {
    beneficiary: '0x85d2AD1eBa67FC0bf872fed79E848Fe3E2027725',
    amount: '127397260273972602739726'
  },
  '0xC0B851DCBf00bA59D8B1f490aF93dEC4275cFFcC': {
    beneficiary: '0x5cF1703A1c99A4b42Eb056535840e93118177232',
    amount: '114657534246575342465753'
  },
  '0xc1268db05E7bD38BD85b2C3Fef80F8968a2c933A': {
    beneficiary: '0xdD6Be8d99F13efC13AF09f32eC07dC0451E23B69',
    amount: '63698630151696142675679'
  },
  '0xC24CACfAe6E5D0177E294a89486AfdDF2144f20F': {
    beneficiary: '0xC24CACfAe6E5D0177E294a89486AfdDF2144f20F',
    amount: '6369863013698630136986'
  },
  '0xC4f03E31BF9677b4c76315931a2cbCF40C6dB1be': {
    beneficiary: '0xC4f03E31BF9677b4c76315931a2cbCF40C6dB1be',
    amount: '1273972602739726027397260'
  },
  '0xc54238cac19bB8D57a9Bcdd28C3fdd49d82378D8': {
    beneficiary: '0x85d2AD1eBa67FC0bf872fed79E848Fe3E2027725',
    amount: '127397260273972602739726'
  },
  '0xc7B1bb9F98F7aE67336391A900402eb25C8fC0e7': {
    beneficiary: '0x9596172eD6E9641CaAd2C232D92049F9ad94C632',
    amount: '2229452054794520547945'
  },
  '0xc8A6Bfe0834FB99340a0Df253d79B7CaE25053b8': {
    beneficiary: '0xc8A6Bfe0834FB99340a0Df253d79B7CaE25053b8',
    amount: '390095617131422260274'
  },
  '0xC8c36fA036244658920bc78D316efa4C9d98f306': {
    beneficiary: '0xC8c36fA036244658920bc78D316efa4C9d98f306',
    amount: '46590072621965558595660'
  },
  '0xc9909E3d0B87A1A2eB0f1194Ec5e3694464Ac522': {
    beneficiary: '0xc9909E3d0B87A1A2eB0f1194Ec5e3694464Ac522',
    amount: '127397260273972602739726'
  },
  '0xCC5D4B816e34d9DCCb898872F58317E8af110fC2': {
    beneficiary: '0x5C31Ad35da16B347f2c3B8E28A4EeD81bD4538Ac',
    amount: '1538646945663642646849'
  },
  '0xCC957f683a7e3093388946d03193Eee10086b900': {
    beneficiary: '0x2F4D70234651eCC8Ce28dACaBfC3ebD0993eb548',
    amount: '122353921232876712328767'
  },
  '0xD0908B1E0f6e64e3097c663BF95E2E9c040dd40d': {
    beneficiary: '0xD0908B1E0f6e64e3097c663BF95E2E9c040dd40d',
    amount: '11393131173442649551650'
  },
  '0xd517479ACAef258Baa3ba6A351e9C714a79d597e': {
    beneficiary: '0xd517479ACAef258Baa3ba6A351e9C714a79d597e',
    amount: '10837208273765290519846'
  },
  '0xD680B01503CF95A489010dA7409980060991D096': {
    beneficiary: '0xD680B01503CF95A489010dA7409980060991D096',
    amount: '20480458022679174772143'
  },
  '0xD6edf0bc0C19f87eCEf67632BFCd212ce8324aB9': {
    beneficiary: '0xD6edf0bc0C19f87eCEf67632BFCd212ce8324aB9',
    amount: '21195984879007662153375'
  },
  '0xd6Fc4e95E0622DdedAD3289dF7873d8136645E8d': {
    beneficiary: '0x461aa63A98e6f8BdAa19CA3f2258670E794FFF34',
    amount: '36296735661389463394044'
  },
  '0xd7c6DcFC25Ff4e0c76D7753db848E38F90E056e4': {
    beneficiary: '0xd7c6DcFC25Ff4e0c76D7753db848E38F90E056e4',
    amount: '2553071276002865503572'
  },
  '0xdA08C16C86B78cD56CB10FDc0370EFc549d8638B': {
    beneficiary: '0x5cF1703A1c99A4b42Eb056535840e93118177232',
    amount: '114657534246575342465753'
  },
  '0xDC09db6e5DA859eDeb7FC7bDCf47545056dC35F7': {
    beneficiary: '0xfeef177E6168F9b7fd59e6C5b6c2d87FF398c6FD',
    amount: '63698630136986301369863'
  },
  '0xe01Be841B1E192390949E9ea1779b1897E105802': {
    beneficiary: '0xe9E1800219c7667d2ac4f52A3b58ab1AB82Ad303',
    amount: '16071481790966263889329'
  },
  '0xE29dcD83466ddC28Ca23da41ac44E63512071265': {
    beneficiary: '0x737E3f4175525331BC0e3dFdF1C6b56510281918',
    amount: '4164480731693530610349'
  },
  '0xe3B1C5653D520E8e8c60fE76dbC61f0e2259A376': {
    beneficiary: '0xe3B1C5653D520E8e8c60fE76dbC61f0e2259A376',
    amount: '3226084763396897268386'
  },
  '0xE4A3492c8b085aB5eDB6FDAE329f172056f6b04e': {
    beneficiary: '0x0cCbCE598D5663b7B8c2809405f2D5A666E5d62F',
    amount: '22678293596346108672495'
  },
  '0xE58dfD1bC7f3Ca2b694bDFDc1C6cac80179A7515': {
    beneficiary: '0x7f043FF8B5Ce02E543eE83fcdec94944D24ebD5d',
    amount: '796232876712328767123'
  },
  '0xE6b636575DE648cEA5e217Ad26e32C01534e7ae4': {
    beneficiary: '0xE6b636575DE648cEA5e217Ad26e32C01534e7ae4',
    amount: '2839181196154851723341'
  },
  '0xE6C074228932F53C9E50928AD69DB760649A8C4d': {
    beneficiary: '0xE6C074228932F53C9E50928AD69DB760649A8C4d',
    amount: '127397260273972602739726'
  },
  '0xE8316911b0F9EdD928d58B63fF619888077aD713': {
    beneficiary: '0xE8316911b0F9EdD928d58B63fF619888077aD713',
    amount: '168660093781662472712'
  },
  '0xE9f73E649bE50EA458400cE97552c9a681d54475': {
    beneficiary: '0xeaf047aDfF888526210B95e2F1F9D10f5053574C',
    amount: '286643834544031086646810'
  },
  '0xEAE5790C6eE3b6425f39D3Fd33644a7cb90C75A5': {
    beneficiary: '0x2F4D70234651eCC8Ce28dACaBfC3ebD0993eb548',
    amount: '122353921232876712328767'
  },
  '0xeb0b91452E77335c18Dee21467331dadAa77DA8D': {
    beneficiary: '0xcD326Fb405184cDa42A0D4a6D01199A83bed2862',
    amount: '10872231883561643835616'
  },
  '0xecE5148Dc2Ec7031C2171959bAd71e9a3bB06DF5': {
    beneficiary: '0xecE5148Dc2Ec7031C2171959bAd71e9a3bB06DF5',
    amount: '5245785574647278140845'
  },
  '0xEd2A484d48F7782047c2De930D236Ef2A18eE195': {
    beneficiary: '0x6950c4C7E97c7d2e6b5bffEC4634f841DB2A5f3D',
    amount: '99951452776240006257438'
  },
  '0xF2962794EbE69fc88F8dB441c1CD13b9F90B1Fe7': {
    beneficiary: '0xF2962794EbE69fc88F8dB441c1CD13b9F90B1Fe7',
    amount: '102112648330361319559725'
  },
  '0xF4F55133da27351844792C19D0c85c57F45CbAD6': {
    beneficiary: '0x6950c4C7E97c7d2e6b5bffEC4634f841DB2A5f3D',
    amount: '99951452776240006257438'
  },
  '0xF9283aC13aEc8a2B60a56A82F1f5E4dA1742CCf8': {
    beneficiary: '0xF9283aC13aEc8a2B60a56A82F1f5E4dA1742CCf8',
    amount: '28664383567670106362253'
  },
  '0xFCA99f5b5Ecf19343e309d8dbe79F15a0A389769': {
    beneficiary: '0xFCA99f5b5Ecf19343e309d8dbe79F15a0A389769',
    amount: '20042694391397904010702'
  },
  '0xfD771E3e34A93E19CAaD4C11c3Be16c70d5ec2Fd': {
    beneficiary: '0xfD771E3e34A93E19CAaD4C11c3Be16c70d5ec2Fd',
    amount: '28275850188472351356338'
  },
  '0xFEf6503A2cf17DB14fae5d5874A50522677cFcEc': {
    beneficiary: '0xFEf6503A2cf17DB14fae5d5874A50522677cFcEc',
    amount: '19455050503767123287671'
  }
}
Calculating tBTCv2 rewards...

[1;36mInstalling yarn dependencies...
[0myarn install v1.22.22
[1/4] Resolving packages...
success Already up-to-date.
Done in 0.25s.

[1;36mFetching peers data...
[0myarn run v1.22.22
$ ts-node rewards.ts --api https://monitoring.threshold.network/prometheus/api/v1 --job keep-discovered-nodes --start-timestamp 1735689600 --end-timestamp 1738368000 --start-block 21525891 --end-block 21747950 --valid-versions v2.1.0 --network mainnet --output ./rewards.json --output-details-path ../../../distributions/2025-02-01/tBTCv2-rewards-details/ --required-pre-params 500 --required-uptime 96
Fetching AuthorizationIncreased events in rewards interval...
Fetching AuthorizationDecreased events in rewards interval...
Fetching AuthorizationIncreased events after rewards interval...
Fetching AuthorizationDecreasedApproved events after rewards interval...
Fetching AuthorizationDecreasedRequested events after rewards interval...
Staking provider cannot be zero address. No Rewards were calculated for operator 0x0651b991DEdE07DB72410450159866Ac1D7790f8
Staking provider cannot be zero address. No Rewards were calculated for operator 0x34694655353DAD30E188236E205c1a7D707e9A40
Staking provider cannot be zero address. No Rewards were calculated for operator 0x3cA4486c60D10aBFeD5850dAA7820D8f5F06407a
Staking provider cannot be zero address. No Rewards were calculated for operator 0x7975c519317c2FF439C9cbC0e5F7dED328190F04
Staking provider cannot be zero address. No Rewards were calculated for operator 0x9A0642B4Fb4478AACC9002575E5b14948776874a
Staking provider cannot be zero address. No Rewards were calculated for operator 0x9df9C572cF813b7a2FB7ddD4cDe57285Be3e095E
Staking provider cannot be zero address. No Rewards were calculated for operator 0xe72A6ba6a77de274a8a45109D95824546bD55e43
Done in 528.53s.

[1;32mComplete!

[0mtBTCv2 rewards earned: {
  '0x43e17eEcaC8812B8E96E89B6075C5de63680d194': {
    beneficiary: '0xafEACcE4AD8B3b863eF72A7B7AA9d0E84Ca71DFb',
    amount: '281474617505668245920492'
  },
  '0xeb0b91452E77335c18Dee21467331dadAa77DA8D': {
    beneficiary: '0xcD326Fb405184cDa42A0D4a6D01199A83bed2862',
    amount: '67012435500015605902500'
  },
  '0x77ED29B8e69F26B318ADF74ecCb90AE549bBAA4C': {
    beneficiary: '0xfa25B71A5dA4003c5F4B6688D742B69A23849D7D',
    amount: '723415771758724174544973'
  },
  '0xF4F55133da27351844792C19D0c85c57F45CbAD6': {
    beneficiary: '0x6950c4C7E97c7d2e6b5bffEC4634f841DB2A5f3D',
    amount: '599695110358599683646890'
  },
  '0xd6Fc4e95E0622DdedAD3289dF7873d8136645E8d': {
    beneficiary: '0x461aa63A98e6f8BdAa19CA3f2258670E794FFF34',
    amount: '108887736463637569070714'
  },
  '0x456D643CD97b058Fd3bBBEB76f04B1DE3679bc6A': {
    beneficiary: '0x456D643CD97b058Fd3bBBEB76f04B1DE3679bc6A',
    amount: '6524062931111131333428'
  },
  '0x1f2490Ad8FBDA9376A6f20A6C5915bb72Ee519c6': {
    beneficiary: '0x882e39D6711A149A5441b093D9323fEf6f9E94C6',
    amount: '26579706341039758028430'
  },
  '0x4c496f9903450Aa2092a39efe722E6971D8fAb49': {
    beneficiary: '0x4c496f9903450Aa2092a39efe722E6971D8fAb49',
    amount: '89250789699285760078542'
  },
  '0x735dcf0cAf62cd1bC8E763e43Bb1aA11DBC56025': {
    beneficiary: '0x3e4A71578B13bf8921C5B7750B0BfA0D3b4c6c3E',
    amount: '150422084779859567092287'
  },
  '0xB99f5EbC5F61120515F67FbB9aB9693605FbaB06': {
    beneficiary: '0x461aa63A98e6f8BdAa19CA3f2258670E794FFF34',
    amount: '742037056260424827534705'
  },
  '0x6184C57B7B87EbBf7fa9eB6933682a781777f81D': {
    beneficiary: '0x6950c4C7E97c7d2e6b5bffEC4634f841DB2A5f3D',
    amount: '599681916762719089200178'
  },
  '0x58d665406Cf0F890daD766389DF879E84cc55671': {
    beneficiary: '0xdD6Be8d99F13efC13AF09f32eC07dC0451E23B69',
    amount: '382174701364500000000000'
  },
  '0x6c43dBdd7E44892dB4fD81c92FaDfdD7E54C408E': {
    beneficiary: '0x3DC709FF2484F0119786a8c9c0b29aC4dE362bef',
    amount: '28663102602337500000000'
  },
  '0x00ACA6dFd2fBCAD074A5F116bAD0B057900230D9': {
    beneficiary: '0xF9246a85Be225910db96777CcED7A9f8aa163c68',
    amount: '240472471972280267226588'
  },
  '0xb70AA6A5E459bEc8F56a36727B97B1D4277437F7': {
    beneficiary: '0xb70AA6A5E459bEc8F56a36727B97B1D4277437F7',
    amount: '21664079260775097557475'
  },
  '0x78B7082625281921880D999CD9e4cfcD8AaB6c5e': {
    beneficiary: '0x78B7082625281921880D999CD9e4cfcD8AaB6c5e',
    amount: '6959406595649570365883'
  },
  '0xd977144724Bc77FaeFAe219F958AE3947205d0b5': {
    beneficiary: '0x18503D85DDA5c51b6DADaB8a6b75231256A4F9F7',
    amount: '311893568133503109267482'
  },
  '0xe01Be841B1E192390949E9ea1779b1897E105802': {
    beneficiary: '0xe9E1800219c7667d2ac4f52A3b58ab1AB82Ad303',
    amount: '48212290756792451683151'
  },
  '0x02faA4286eF91247f8D09F36618D4694717F76bB': {
    beneficiary: '0x2F4D70234651eCC8Ce28dACaBfC3ebD0993eb548',
    amount: '367045360374232856250000'
  },
  '0x90995f26f874AcEb98f12E09E057FBD2E546B1Ea': {
    beneficiary: '0xeaf047aDfF888526210B95e2F1F9D10f5053574C',
    amount: '859893078070125000000000'
  },
  '0x6dEE1fd2b29e2214a4f9aB9Ba5f3D17C8Cb56D11': {
    beneficiary: '0x6950c4C7E97c7d2e6b5bffEC4634f841DB2A5f3D',
    amount: '599668123457934831369524'
  },
  '0xC1d2fddF9AbE7b3B56d97729139D1f46bD0DA530': {
    beneficiary: '0x29e39Fe02A19748Da5De584D7F8C165b4Cae97ab',
    amount: '2336000204177499206272'
  },
  '0x39A2D252769363D070a77fE3ad24b9954e1fB876': {
    beneficiary: '0x39A2D252769363D070a77fE3ad24b9954e1fB876',
    amount: '382165910950800000000000'
  },
  '0x227Ae73b95F8377e4E37A8bc7aE7DdFF303C30B4': {
    beneficiary: '0xb4e29AF35F6c2247f225877735F73a1A43A65549',
    amount: '9076440385081500000000'
  },
  '0x372626FF774573E82eb7D4545EE96F68F75aaFF6': {
    beneficiary: '0x5cF1703A1c99A4b42Eb056535840e93118177232',
    amount: '343949319855720000000000'
  },
  '0x9a4eb640Ef74a6C3756146b99d91CB3529D9387C': {
    beneficiary: '0xA2e171489877135B6a69dB9E55363AdF2CE8c4aA',
    amount: '52557366903508770000000'
  },
  '0xE6C074228932F53C9E50928AD69DB760649A8C4d': {
    beneficiary: '0xE6C074228932F53C9E50928AD69DB760649A8C4d',
    amount: '382165910950800000000000'
  },
  '0x3B8FeB29eFb63A7609D5351b3A6AdDaed3c1C7eD': {
    beneficiary: '0x25D22cf95Cfb891aa88F5a9317F8bac1D6913e34',
    amount: '149569760318236071174872'
  },
  '0xA829c2E33907Ab03d27d5dBb39eFFd8386112789': {
    beneficiary: '0xA829c2E33907Ab03d27d5dBb39eFFd8386112789',
    amount: '66846856699055564551076'
  },
  '0xc9909E3d0B87A1A2eB0f1194Ec5e3694464Ac522': {
    beneficiary: '0xc9909E3d0B87A1A2eB0f1194Ec5e3694464Ac522',
    amount: '382165910950800000000000'
  },
  '0xb42543Aa1C4a75e1B317b752b82E64513989fEA6': {
    beneficiary: '0x6950c4C7E97c7d2e6b5bffEC4634f841DB2A5f3D',
    amount: '599668123457934831369524'
  },
  '0x0C19A07242755b3F107cfB4C74d236a18548541F': {
    beneficiary: '0x0C19A07242755b3F107cfB4C74d236a18548541F',
    amount: '54268133883030116279550'
  },
  '0xa6E3A08FaE33898fC31C4f6C7a584827D809352D': {
    beneficiary: '0xa6E3A08FaE33898fC31C4f6C7a584827D809352D',
    amount: '203909398861686225000000'
  },
  '0x58F197D2647C1f45d7308fd20157aaEaF5040Faa': {
    beneficiary: '0x6950c4C7E97c7d2e6b5bffEC4634f841DB2A5f3D',
    amount: '599668123457934831369524'
  },
  '0xedd0C77314f07fCA414B549156A0d9C915B096E9': {
    beneficiary: '0x71E47a4429d35827e0312AA13162197C23287546',
    amount: '286618127046750000000000'
  },
  '0xB2e1515Dfe9BdE106299C33529C582e5388D195D': {
    beneficiary: '0xB2e1515Dfe9BdE106299C33529C582e5388D195D',
    amount: '11150507090643434687234'
  },
  '0x3070f20f86fDa706Ac380F5060D256028a46eC29': {
    beneficiary: '0x3070f20f86fDa706Ac380F5060D256028a46eC29',
    amount: '962194806638164517915'
  },
  '0x42BF5fF61279eDDa10A6e8268A30640eD710a866': {
    beneficiary: '0x42BF5fF61279eDDa10A6e8268A30640eD710a866',
    amount: '54281034753535972831455'
  },
  '0x16Beb8782c2607fd90cA93F3119cF12C00255C6e': {
    beneficiary: '0x16Beb8782c2607fd90cA93F3119cF12C00255C6e',
    amount: '14330906352337500000000'
  },
  '0x4553dAA29662971ff6f1cA59390287E8Bc25825F': {
    beneficiary: '0x4553dAA29662971ff6f1cA59390287E8Bc25825F',
    amount: '39111259422204124201075'
  },
  '0x25d9bbb4Eccbf3A5e6d6BBCE9813302E508f321D': {
    beneficiary: '0x25d9bbb4Eccbf3A5e6d6BBCE9813302E508f321D',
    amount: '75303368218531364028266'
  },
  '0xa7baCa5A92842689359Fb1782e75D6eFF59152e6': {
    beneficiary: '0x71596327C075Fa2e9ae820c1036D8d9B94bf6AE2',
    amount: '215174734643206680331739'
  },
  '0x621074D613Fc938bD9381AB77Ef3609a02432628': {
    beneficiary: '0x85d2AD1eBa67FC0bf872fed79E848Fe3E2027725',
    amount: '382157502729000000000000'
  },
  '0x8B823356ec7f90d0fE45122125F66ddB934b840F': {
    beneficiary: '0x8B823356ec7f90d0fE45122125F66ddB934b840F',
    amount: '10807042036416098241512'
  },
  '0x05015cC23df7A1B8D459517088E00Baec5fbc373': {
    beneficiary: '0x05015cC23df7A1B8D459517088E00Baec5fbc373',
    amount: '13349068575388858088699'
  },
  '0x4FD06c3B1AbF62bbcC395745224591c89ebceea8': {
    beneficiary: '0x4FD06c3B1AbF62bbcC395745224591c89ebceea8',
    amount: '95539375682250000000000'
  },
  '0xa2e44666BAB3ED3be4F87b7c18eD2ffB911c0bEf': {
    beneficiary: '0xa2e44666BAB3ED3be4F87b7c18eD2ffB911c0bEf',
    amount: '12956482586584309320548'
  },
  '0xCC957f683a7e3093388946d03193Eee10086b900': {
    beneficiary: '0x2F4D70234651eCC8Ce28dACaBfC3ebD0993eb548',
    amount: '367020400166518061250000'
  },
  '0x095086293d57C5aD45f3f5243054AE199b005163': {
    beneficiary: '0x095086293d57C5aD45f3f5243054AE199b005163',
    amount: '76429742463060000000000'
  },
  '0xFEf6503A2cf17DB14fae5d5874A50522677cFcEc': {
    beneficiary: '0xFEf6503A2cf17DB14fae5d5874A50522677cFcEc',
    amount: '58358574447009960832275'
  },
  '0x94645FBA610b6dFB1587AF4942920B171C58CDfb': {
    beneficiary: '0xB0d3Ce027E8222832332e7f31D47Ff6DeEA11FF8',
    amount: '14330576711823750000000'
  },
  '0xC0B851DCBf00bA59D8B1f490aF93dEC4275cFFcC': {
    beneficiary: '0x5cF1703A1c99A4b42Eb056535840e93118177232',
    amount: '343933841083770000000000'
  },
  '0xb78F9EFE4F713feEFcAB466d2ee41972a0E45205': {
    beneficiary: '0x5cF1703A1c99A4b42Eb056535840e93118177232',
    amount: '343933841083770000000000'
  },
  '0x2B1D879B5e102e60166202de79537B48E2F18a42': {
    beneficiary: '0x2B1D879B5e102e60166202de79537B48E2F18a42',
    amount: '382148712315300000000'
  },
  '0x557C836714aFd04f796686b0a50528714B549C74': {
    beneficiary: '0xdD6Be8d99F13efC13AF09f32eC07dC0451E23B69',
    amount: '382148712315300000000000'
  },
  '0xE4A3492c8b085aB5eDB6FDAE329f172056f6b04e': {
    beneficiary: '0x0cCbCE598D5663b7B8c2809405f2D5A666E5d62F',
    amount: '134903238715467230038965'
  },
  '0xE58dfD1bC7f3Ca2b694bDFDc1C6cac80179A7515': {
    beneficiary: '0x7f043FF8B5Ce02E543eE83fcdec94944D24ebD5d',
    amount: '6850015668251752500000'
  },
  '0xF2962794EbE69fc88F8dB441c1CD13b9F90B1Fe7': {
    beneficiary: '0xF2962794EbE69fc88F8dB441c1CD13b9F90B1Fe7',
    amount: '306303424317241205930543'
  },
  '0x5270BA998643bE976c106298C08C46947c5Bf774': {
    beneficiary: '0x0B76598e9Ddd53237Fa1632ddbFC8Db1a2C7D897',
    amount: '6850015668251752500000'
  },
  '0x5838636dCDd92113998FEcbcDeDf5B0d8bEB4920': {
    beneficiary: '0x6950c4C7E97c7d2e6b5bffEC4634f841DB2A5f3D',
    amount: '599627942961389384645445'
  },
  '0x9Aa35dCE841A43693Cde23B86c394E1aEFb61c65': {
    beneficiary: '0x71E47a4429d35827e0312AA13162197C23287546',
    amount: '286605228070125000000000'
  },
  '0xecE5148Dc2Ec7031C2171959bAd71e9a3bB06DF5': {
    beneficiary: '0xecE5148Dc2Ec7031C2171959bAd71e9a3bB06DF5',
    amount: '15735237087469405960253'
  },
  '0x0f35c836864875C8E9392DA147F41300aB538091': {
    beneficiary: '0x0f35c836864875C8E9392DA147F41300aB538091',
    amount: '25328141061387354839003'
  },
  '0xDC09db6e5DA859eDeb7FC7bDCf47545056dC35F7': {
    beneficiary: '0xfeef177E6168F9b7fd59e6C5b6c2d87FF398c6FD',
    amount: '191070152046750000000000'
  },
  '0xdA08C16C86B78cD56CB10FDc0370EFc549d8638B': {
    beneficiary: '0x5cF1703A1c99A4b42Eb056535840e93118177232',
    amount: '343926273684150000000000'
  },
  '0x9C7c2B00Ea7800fbe32FD50d844645Db07C27a74': {
    beneficiary: '0x9C7c2B00Ea7800fbe32FD50d844645Db07C27a74',
    amount: '20215805188213406246819'
  },
  '0x43df8c68a56249CC151dfb3a7E82cC7Fd624cF2a': {
    beneficiary: '0x85d2AD1eBa67FC0bf872fed79E848Fe3E2027725',
    amount: '382140304093500000000000'
  },
  '0xc1268db05E7bD38BD85b2C3Fef80F8968a2c933A': {
    beneficiary: '0xdD6Be8d99F13efC13AF09f32eC07dC0451E23B69',
    amount: '191070152090873580190681'
  },
  '0xAa0f47938c5534bb1Fe30E9D61dC0fFDd18c171b': {
    beneficiary: '0x3bE976D230a42350322525bEad4A89544b6896a7',
    amount: '1968101508674718496112'
  },
  '0xE9f73E649bE50EA458400cE97552c9a681d54475': {
    beneficiary: '0xeaf047aDfF888526210B95e2F1F9D10f5053574C',
    amount: '859815680993586513307163'
  },
  '0xCE4407dF6ae8A92EB69412bD6a8ec49A9B9b40dD': {
    beneficiary: '0xCE4407dF6ae8A92EB69412bD6a8ec49A9B9b40dD',
    amount: '5574529522835123004581'
  },
  '0xB0C9F472b2066691Ab7FEE5b6702c28ab35888b2': {
    beneficiary: '0xdD6Be8d99F13efC13AF09f32eC07dC0451E23B69',
    amount: '382140304093500000000000'
  },
  '0x956a3999F4b9F9E4E46B96418121D4871082552A': {
    beneficiary: '0x956a3999F4b9F9E4E46B96418121D4871082552A',
    amount: '18813582955975286553317'
  },
  '0xCC5D4B816e34d9DCCb898872F58317E8af110fC2': {
    beneficiary: '0x5C31Ad35da16B347f2c3B8E28A4EeD81bD4538Ac',
    amount: '4615319124163018728287'
  },
  '0xc3d3390150b669488d51B115995ad2fF7288B2Be': {
    beneficiary: '0x1AB9765dd17242a8C7Bdd321546e44Bb00528296',
    amount: '14329946095188750000000'
  },
  '0xc7B1bb9F98F7aE67336391A900402eb25C8fC0e7': {
    beneficiary: '0x9596172eD6E9641CaAd2C232D92049F9ad94C632',
    amount: '12633599051931681476042'
  },
  '0xc54238cac19bB8D57a9Bcdd28C3fdd49d82378D8': {
    beneficiary: '0x85d2AD1eBa67FC0bf872fed79E848Fe3E2027725',
    amount: '382131895871700000000000'
  },
  '0xE8316911b0F9EdD928d58B63fF619888077aD713': {
    beneficiary: '0xE8316911b0F9EdD928d58B63fF619888077aD713',
    amount: '505901000194842392570'
  },
  '0xf66201810dC33d20707E31d981cA088128f04616': {
    beneficiary: '0x52232F6b7600953036EA8A596EeC22C2597eC2e9',
    amount: '12359459077835682879887'
  },
  '0x0154C52ec5b6a3010758dDe78079589E67526767': {
    beneficiary: '0x0154C52ec5b6a3010758dDe78079589E67526767',
    amount: '382131895871700000000'
  },
  '0x97d065B567cc4543D20dffaa7009f9aDe64d7E26': {
    beneficiary: '0x85d2AD1eBa67FC0bf872fed79E848Fe3E2027725',
    amount: '191065947909499026929036'
  },
  '0x65Dd518e9D5486273CA810f8b9951FE20F512555': {
    beneficiary: '0x455a2a1c15B566dbFFFb626B866f49e89c98838F',
    amount: '11786614077796655604272'
  },
  '0x700277dEaf138c6af9B3177F83918B6a3544F27F': {
    beneficiary: '0x700277dEaf138c6af9B3177F83918B6a3544F27F',
    amount: '28060721718031910326214'
  },
  '0x290cA15e750d1e356A2FcfF3d33D7646f3241487': {
    beneficiary: '0x1E183d6337a8353994Aaf327bE00829990818095',
    amount: '86934222527004332782978'
  },
  '0xd517479ACAef258Baa3ba6A351e9C714a79d597e': {
    beneficiary: '0xd517479ACAef258Baa3ba6A351e9C714a79d597e',
    amount: '32506530632640803266507'
  },
  '0x24a278d2873879dcC8a17f504A75BFfcD4A3153a': {
    beneficiary: '0x6950c4C7E97c7d2e6b5bffEC4634f841DB2A5f3D',
    amount: '599614749365508790198733'
  },
  '0x378C89b5B93667A005856822e1b65e2d7C076373': {
    beneficiary: '0x378C89b5B93667A005856822e1b65e2d7C076373',
    amount: '16178067030574598079243'
  },
  '0x492Af9a0B99FED66dce727bB96Ad133dB83CdAf6': {
    beneficiary: '0x492Af9a0B99FED66dce727bB96Ad133dB83CdAf6',
    amount: '12840302642801762971305'
  },
  '0x3C2849c560544B1f39708Bd17b053b2F91c058DE': {
    beneficiary: '0x553BD3d9e483678338f42B2E0F237D7571922e4B',
    amount: '8359135222193437500000'
  },
  '0xAAFc71044C2B832dDDFcedb0AE99695B0367dC57': {
    beneficiary: '0x6950c4C7E97c7d2e6b5bffEC4634f841DB2A5f3D',
    amount: '599614749365508790198733'
  },
  '0x2215a197a32834ef93C4D1029551bB8D3B924DCc': {
    beneficiary: '0x2215a197a32834ef93C4D1029551bB8D3B924DCc',
    amount: '7925660183137674776491'
  },
  '0x36efDC29c776c35B55D08E657bF3048eDf65b1dD': {
    beneficiary: '0x36efDC29c776c35B55D08E657bF3048eDf65b1dD',
    amount: '3422025135368094695680'
  },
  '0xBa1Ac67539c09AdDe63335635869c86f8e463514': {
    beneficiary: '0x2F4D70234651eCC8Ce28dACaBfC3ebD0993eb548',
    amount: '366995807020681425000000'
  },
  '0x2dE8481F08e5c2fe88c653A64AE42CA00B20E98D': {
    beneficiary: '0x1A93C2A3BF308bf9208fF4B6C93CEfCb59404d7b',
    amount: '29428637782189683000000'
  },
  '0x1274b1Fb60bDB94a4DDDcac9c918930cafc95078': {
    beneficiary: '0x6950c4C7E97c7d2e6b5bffEC4634f841DB2A5f3D',
    amount: '599600956060724532368078'
  },
  '0xe3B1C5653D520E8e8c60fE76dbC61f0e2259A376': {
    beneficiary: '0xe3B1C5653D520E8e8c60fE76dbC61f0e2259A376',
    amount: '9676760618179740469364'
  },
  '0x8afC0e9F8207975301893452bDeD1e8F2892f953': {
    beneficiary: '0x8afC0e9F8207975301893452bDeD1e8F2892f953',
    amount: '382123105458000000000000'
  },
  '0x9709173Ed6F194a953a77204359DbFD0e88a54D0': {
    beneficiary: '0x9709173Ed6F194a953a77204359DbFD0e88a54D0',
    amount: '16013310738631192196817'
  },
  '0xF425A57Ec73a25A3B1A08eA7F88A5c9e080c9ed4': {
    beneficiary: '0xF425A57Ec73a25A3B1A08eA7F88A5c9e080c9ed4',
    amount: '2435419566625969014008'
  },
  '0xD0908B1E0f6e64e3097c663BF95E2E9c040dd40d': {
    beneficiary: '0xD0908B1E0f6e64e3097c663BF95E2E9c040dd40d',
    amount: '34458066642827050986732'
  },
  '0x422FcafA2f3E23B52AC34E6A94909467480155af': {
    beneficiary: '0x422FcafA2f3E23B52AC34E6A94909467480155af',
    amount: '95530776364500000000000'
  },
  '0xBDC3D611B79349e0b3d63833619875E89388298D': {
    beneficiary: '0x85d2AD1eBa67FC0bf872fed79E848Fe3E2027725',
    amount: '382123105458000000000000'
  },
  '0xC4f03E31BF9677b4c76315931a2cbCF40C6dB1be': {
    beneficiary: '0xC4f03E31BF9677b4c76315931a2cbCF40C6dB1be',
    amount: '3821231054580000000000000'
  },
  '0xB88A62417eb9e6320AF7620BE0CFBE2dddd435A5': {
    beneficiary: '0x5cF1703A1c99A4b42Eb056535840e93118177232',
    amount: '343910794912200000000000'
  },
  '0x49992Bd16f7D6e19c74fF251137b2CF93F0C3E2D': {
    beneficiary: '0xE098612D8C62c1CDfE91F56B55a9cd84142Fe7ED',
    amount: '9132742220446200000000'
  },
  '0x941788b051703bBC79962822460a2B571CfFcd7D': {
    beneficiary: '0x83DB892a6688B966122Be219fa873BF24D7db79F',
    amount: '6720590117242575000000'
  },
  '0xBf40548b6Fd104C3cA9B2F6b2E2383301dB1c023': {
    beneficiary: '0x85d2AD1eBa67FC0bf872fed79E848Fe3E2027725',
    amount: '382114697236200000000000'
  },
  '0xF9283aC13aEc8a2B60a56A82F1f5E4dA1742CCf8': {
    beneficiary: '0xF9283aC13aEc8a2B60a56A82F1f5E4dA1742CCf8',
    amount: '85975806896220165953711'
  },
  '0xc8A6Bfe0834FB99340a0Df253d79B7CaE25053b8': {
    beneficiary: '0xc8A6Bfe0834FB99340a0Df253d79B7CaE25053b8',
    amount: '1170050818304727612677'
  },
  '0x9F8Cc80D7F5125AD725293686Ac656a7c52f6F11': {
    beneficiary: '0x2dA47Fc911d817669e7A99a6f9AFD7EbBB8edd19',
    amount: '21120854929154824320000'
  },
  '0xC8c36fA036244658920bc78D316efa4C9d98f306': {
    beneficiary: '0xC8c36fA036244658920bc78D316efa4C9d98f306',
    amount: '139742027857345228903041'
  },
  '0xEd2A484d48F7782047c2De930D236Ef2A18eE195': {
    beneficiary: '0x6950c4C7E97c7d2e6b5bffEC4634f841DB2A5f3D',
    amount: '599587762464843937921366'
  },
  '0x56C968857EF4919c67d151b56E7073065994c97a': {
    beneficiary: '0x56C968857EF4919c67d151b56E7073065994c97a',
    amount: '56696268202421175000000'
  },
  '0xEAE5790C6eE3b6425f39D3Fd33644a7cb90C75A5': {
    beneficiary: '0x2F4D70234651eCC8Ce28dACaBfC3ebD0993eb548',
    amount: '366987731659361932500000'
  },
  '0x16fCc54E027a342F0683263eb43Cd9af1BD72169': {
    beneficiary: '0x2F4D70234651eCC8Ce28dACaBfC3ebD0993eb548',
    amount: '366987731659361932500000'
  },
  '0x78EDaA9375250aF6237d708Ef70eaa0d0ED5970C': {
    beneficiary: '0xc5b53300aF952D23F587bf9a89E685A951D99315',
    amount: '38211469723620000000000'
  },
  '0x331F6346C4c1bdb4Ef7467056C66250F0Eb8A44f': {
    beneficiary: '0xdD6Be8d99F13efC13AF09f32eC07dC0451E23B69',
    amount: '382114697236200000000000'
  },
  '0xcA5Ac1b59796bE580820e9C66d395977d4F7c3C0': {
    beneficiary: '0x7Ecd7B098935Ed7e72b893a68F82198C27aacBd4',
    amount: '191057348618597904602721'
  }
}
